2025-05-04 21:53:22.347 | DEBUG    | __main__:translation:12 - [翻译任务]
源文件: /private/var/folders/hs/8p529r5x2811ltb4jwc49lgr0000gn/T/gradio/3099adc321c2e6c3dda9ad0e7f8b1a36728318706eff5c150bae6013bc961c16/English.pdf
源语言: English
目标语言: Chinese
2025-05-04 21:53:22.358 | DEBUG    | translator.pdf_parser:parse_pdf:46 - [raw_text]
 The beauty of nature is truly astonishing. A gentle breeze rustles the leaves of the trees,
creating a soft, soothing sound. Along the meandering river, colorful wildflowers bloom in
profusion, attracting butterflies that flit from one to another. The clear blue sky above is
dotted with fluffy white clouds. In the distance, majestic mountains stand tall, their peaks
touching the heavens. It's a sight that fills the heart with peace and wonder.
2025-05-04 21:53:33.328 | DEBUG    | translator.writer:save_translated_book:18 - markdown
2025-05-04 21:53:33.328 | INFO     | translator.writer:_save_translated_book_markdown:90 - 开始导出: /private/var/folders/hs/8p529r5x2811ltb4jwc49lgr0000gn/T/gradio/3099adc321c2e6c3dda9ad0e7f8b1a36728318706eff5c150bae6013bc961c16/English_translated.md
2025-05-04 21:53:33.330 | INFO     | translator.writer:save_translated_book:28 - 翻译完成，文件保存至: /private/var/folders/hs/8p529r5x2811ltb4jwc49lgr0000gn/T/gradio/3099adc321c2e6c3dda9ad0e7f8b1a36728318706eff5c150bae6013bc961c16/English_translated.md
2025-05-04 21:54:54.333 | DEBUG    | __main__:translation:12 - [翻译任务]
源文件: /private/var/folders/hs/8p529r5x2811ltb4jwc49lgr0000gn/T/gradio/3099adc321c2e6c3dda9ad0e7f8b1a36728318706eff5c150bae6013bc961c16/English.pdf
源语言: English
目标语言: Chinese
2025-05-04 21:54:54.343 | DEBUG    | translator.pdf_parser:parse_pdf:46 - [raw_text]
 The beauty of nature is truly astonishing. A gentle breeze rustles the leaves of the trees,
creating a soft, soothing sound. Along the meandering river, colorful wildflowers bloom in
profusion, attracting butterflies that flit from one to another. The clear blue sky above is
dotted with fluffy white clouds. In the distance, majestic mountains stand tall, their peaks
touching the heavens. It's a sight that fills the heart with peace and wonder.
2025-05-04 21:55:05.410 | DEBUG    | translator.writer:save_translated_book:18 - markdown
2025-05-04 21:55:05.410 | INFO     | translator.writer:_save_translated_book_markdown:90 - 开始导出: /private/var/folders/hs/8p529r5x2811ltb4jwc49lgr0000gn/T/gradio/3099adc321c2e6c3dda9ad0e7f8b1a36728318706eff5c150bae6013bc961c16/English_translated.md
2025-05-04 21:55:05.411 | INFO     | translator.writer:save_translated_book:28 - 翻译完成，文件保存至: /private/var/folders/hs/8p529r5x2811ltb4jwc49lgr0000gn/T/gradio/3099adc321c2e6c3dda9ad0e7f8b1a36728318706eff5c150bae6013bc961c16/English_translated.md
